<?xml version="1.0" encoding="UTF-8"?>
<!-- Generated by org.testng.reporters.JUnitReportReporter -->
<testsuite hostname="DESKTOP-ODUIACV" failures="0" tests="1" name="Testcases.CreateOrganizationTest" time="13.531" errors="0" timestamp="2025-05-14T10:42:14 IST" skipped="0">
  <testcase classname="Testcases.CreateOrganizationTest" name="createOrgVerifyTest" time="13.531"/>
</testsuite> <!-- Testcases.CreateOrganizationTest -->
