<?xml version="1.0" encoding="UTF-8"?>
<!-- Generated by org.testng.reporters.JUnitReportReporter -->
<testsuite hostname="DESKTOP-ODUIACV" failures="0" tests="1" name="Testcases.CreateContactwithOrganizationEndtoEndTest" time="93.023" errors="0" timestamp="2025-05-14T04:27:14 IST" skipped="0">
  <testcase classname="Testcases.CreateContactwithOrganizationEndtoEndTest" name="VerifycreateconwithorgTest" time="93.023"/>
</testsuite> <!-- Testcases.CreateContactwithOrganizationEndtoEndTest -->
