<?xml version="1.0" encoding="UTF-8"?>
<!-- Generated by org.testng.reporters.JUnitReportReporter -->
<testsuite hostname="DESKTOP-ODUIACV" failures="0" tests="1" name="Testcases.CreateOrganization" time="7.739" errors="0" timestamp="2025-05-12T10:49:05 IST" skipped="0">
  <testcase classname="Testcases.CreateOrganization" name="createOrgVerify" time="7.739"/>
</testsuite> <!-- Testcases.CreateOrganization -->
