<?xml version="1.0" encoding="UTF-8"?>
<!-- Generated by org.testng.reporters.JUnitReportReporter -->
<testsuite hostname="DESKTOP-ODUIACV" failures="0" tests="4" name="Testcases.MultiDataSetTest" time="18.108" errors="0" timestamp="2025-05-25T18:24:23 IST" skipped="0">
  <testcase classname="Testcases.MultiDataSetTest" name="VerifyDataSetTest" time="4.091"/>
  <testcase classname="Testcases.MultiDataSetTest" name="VerifyDataSetTest" time="4.073"/>
  <testcase classname="Testcases.MultiDataSetTest" name="VerifyDataSetTest" time="5.838"/>
  <testcase classname="Testcases.MultiDataSetTest" name="VerifyDataSetTest" time="4.106"/>
</testsuite> <!-- Testcases.MultiDataSetTest -->
